Generated at 2021-07-03 15:01:53 +0000
Chef::Exceptions::RecipeNotFound: could not find recipe apache2-recipe.rb for cookbook apache-cookbook
/opt/chef-workstation/embedded/lib/ruby/gems/3.0.0/gems/chef-17.2.29/lib/chef/cookbook_version.rb:207:in `load_recipe'
/opt/chef-workstation/embedded/lib/ruby/gems/3.0.0/gems/chef-17.2.29/lib/chef/run_context.rb:393:in `load_recipe'
/opt/chef-workstation/embedded/lib/ruby/gems/3.0.0/gems/chef-17.2.29/lib/chef/run_context/cookbook_compiler.rb:174:in `block in compile_recipes'
/opt/chef-workstation/embedded/lib/ruby/gems/3.0.0/gems/chef-17.2.29/lib/chef/run_context/cookbook_compiler.rb:171:in `each'
/opt/chef-workstation/embedded/lib/ruby/gems/3.0.0/gems/chef-17.2.29/lib/chef/run_context/cookbook_compiler.rb:171:in `compile_recipes'
/opt/chef-workstation/embedded/lib/ruby/gems/3.0.0/gems/chef-17.2.29/lib/chef/run_context/cookbook_compiler.rb:79:in `compile'
/opt/chef-workstation/embedded/lib/ruby/gems/3.0.0/gems/chef-17.2.29/lib/chef/run_context.rb:223:in `load'
/opt/chef-workstation/embedded/lib/ruby/gems/3.0.0/gems/chef-17.2.29/lib/chef/policy_builder/expand_node_object.rb:103:in `setup_run_context'
/opt/chef-workstation/embedded/lib/ruby/3.0.0/forwardable.rb:238:in `setup_run_context'
/opt/chef-workstation/embedded/lib/ruby/gems/3.0.0/gems/chef-17.2.29/lib/chef/client.rb:496:in `setup_run_context'
/opt/chef-workstation/embedded/lib/ruby/gems/3.0.0/gems/chef-17.2.29/lib/chef/client.rb:282:in `run'
/opt/chef-workstation/embedded/lib/ruby/gems/3.0.0/gems/chef-17.2.29/lib/chef/application.rb:305:in `run_with_graceful_exit_option'
/opt/chef-workstation/embedded/lib/ruby/gems/3.0.0/gems/chef-17.2.29/lib/chef/application.rb:281:in `block in run_chef_client'
/opt/chef-workstation/embedded/lib/ruby/gems/3.0.0/gems/chef-17.2.29/lib/chef/local_mode.rb:42:in `with_server_connectivity'
/opt/chef-workstation/embedded/lib/ruby/gems/3.0.0/gems/chef-17.2.29/lib/chef/application.rb:264:in `run_chef_client'
/opt/chef-workstation/embedded/lib/ruby/gems/3.0.0/gems/chef-17.2.29/lib/chef/application/base.rb:352:in `run_application'
/opt/chef-workstation/embedded/lib/ruby/gems/3.0.0/gems/chef-17.2.29/lib/chef/application.rb:67:in `run'
/opt/chef-workstation/embedded/lib/ruby/gems/3.0.0/gems/chef-bin-17.2.29/bin/chef-client:25:in `<top (required)>'
/usr/bin/chef-client:360:in `load'
/usr/bin/chef-client:360:in `<main>'